0 verbose cli C:\nvm4w\nodejs\node.exe C:\nvm4w\nodejs\node_modules\npm\bin\npm-cli.js
1 info using npm@11.7.0
2 info using node@v20.18.1
3 silly config load:file:C:\Users\micah\AppData\Local\nvm\v20.18.1\node_modules\npm\npmrc
4 silly config load:file:D:\monsoonfire-portal\.npmrc
5 silly config load:file:C:\Users\micah\.npmrc
6 silly config load:file:C:\nvm4w\nodejs\etc\npmrc
7 verbose title npm install firebase@12.9.0
8 verbose argv "--cache" "D:\\monsoonfire-portal\\.npm-cache-web" "install" "firebase@12.9.0"
9 verbose logfile logs-max:10 dir:D:\monsoonfire-portal\.npm-cache-web\_logs\2026-01-22T04_22_23_577Z-
10 verbose logfile D:\monsoonfire-portal\.npm-cache-web\_logs\2026-01-22T04_22_23_577Z-debug-0.log
11 silly logfile done cleaning log files
12 silly packumentCache heap:4345298944 maxSize:1086324736 maxEntrySize:543162368
13 silly idealTree buildDeps
14 silly fetch manifest firebase@12.9.0
15 silly packumentCache full:https://registry.npmjs.org/firebase cache-miss
16 http fetch GET 200 https://registry.npmjs.org/npm 207ms
17 http fetch GET 200 https://registry.npmjs.org/firebase 910ms (cache miss)
18 silly packumentCache full:https://registry.npmjs.org/firebase set size:undefined disposed:false
19 silly placeDep ROOT firebase@ OK for:  want: 12.9.0
20 verbose type version
21 verbose stack firebase: No matching version found for firebase@12.9.0.
21 verbose stack     at module.exports (C:\Users\micah\AppData\Local\nvm\v20.18.1\node_modules\npm\node_modules\npm-pick-manifest\lib\index.js:210:23)
21 verbose stack     at RegistryFetcher.manifest (C:\Users\micah\AppData\Local\nvm\v20.18.1\node_modules\npm\node_modules\pacote\lib\registry.js:130:54)
21 verbose stack     at async #fetchManifest (C:\Users\micah\AppData\Local\nvm\v20.18.1\node_modules\npm\node_modules\@npmcli\arborist\lib\arborist\build-ideal-tree.js:1216:20)
21 verbose stack     at async #nodeFromEdge (C:\Users\micah\AppData\Local\nvm\v20.18.1\node_modules\npm\node_modules\@npmcli\arborist\lib\arborist\build-ideal-tree.js:1054:19)
21 verbose stack     at async #buildDepStep (C:\Users\micah\AppData\Local\nvm\v20.18.1\node_modules\npm\node_modules\@npmcli\arborist\lib\arborist\build-ideal-tree.js:918:11)
21 verbose stack     at async Arborist.buildIdealTree (C:\Users\micah\AppData\Local\nvm\v20.18.1\node_modules\npm\node_modules\@npmcli\arborist\lib\arborist\build-ideal-tree.js:170:7)
21 verbose stack     at async Promise.all (index 1)
21 verbose stack     at async Arborist.reify (C:\Users\micah\AppData\Local\nvm\v20.18.1\node_modules\npm\node_modules\@npmcli\arborist\lib\arborist\reify.js:110:5)
21 verbose stack     at async Install.exec (C:\Users\micah\AppData\Local\nvm\v20.18.1\node_modules\npm\lib\commands\install.js:150:5)
21 verbose stack     at async Npm.exec (C:\Users\micah\AppData\Local\nvm\v20.18.1\node_modules\npm\lib\npm.js:208:9)
22 error code ETARGET
23 error notarget No matching version found for firebase@12.9.0.
24 error notarget In most cases you or one of your dependencies are requesting
24 error notarget a package version that doesn't exist.
25 silly unfinished npm timer reify 1769055743849
26 silly unfinished npm timer reify:loadTrees 1769055743850
27 verbose cwd D:\monsoonfire-portal
28 verbose os Windows_NT 10.0.26200
29 verbose node v20.18.1
30 verbose npm  v11.7.0
31 notice
31 notice New [33mminor[39m version of npm available! [33m11.7.0[39m -> [34m11.8.0[39m
31 notice Changelog: [34mhttps://github.com/npm/cli/releases/tag/v11.8.0[39m
31 notice To update run: [4mnpm install -g npm@11.8.0[24m
31 notice  { force: true, [Symbol(proc-log.meta)]: true }
32 verbose exit 1
33 verbose code 1
34 error A complete log of this run can be found in: D:\monsoonfire-portal\.npm-cache-web\_logs\2026-01-22T04_22_23_577Z-debug-0.log
