0 verbose cli C:\nvm4w\nodejs\node.exe C:\nvm4w\nodejs\node_modules\npm\bin\npm-cli.js
1 info using npm@11.7.0
2 info using node@v20.18.1
3 silly config load:file:C:\Users\micah\AppData\Local\nvm\v20.18.1\node_modules\npm\npmrc
4 silly config load:file:D:\monsoonfire-portal\web\web\.npmrc
5 silly config load:file:C:\Users\micah\.npmrc
6 silly config load:file:D:\monsoonfire-portal\web\web\etc\npmrc
7 verbose title npm run dev
8 verbose argv "--prefix" "web" "run" "dev"
9 verbose logfile logs-max:10 dir:D:\monsoonfire-portal\.npm-cache-web\_logs\2026-01-22T04_28_56_452Z-
10 verbose logfile D:\monsoonfire-portal\.npm-cache-web\_logs\2026-01-22T04_28_56_452Z-debug-0.log
11 silly logfile done cleaning log files
12 verbose stack Error: Could not read package.json: Error: ENOENT: no such file or directory, open 'D:\monsoonfire-portal\web\web\package.json'
12 verbose stack     at async open (node:internal/fs/promises:639:25)
12 verbose stack     at async readFile (node:internal/fs/promises:1242:14)
12 verbose stack     at async read (C:\Users\micah\AppData\Local\nvm\v20.18.1\node_modules\npm\node_modules\@npmcli\package-json\lib\read-package.js:9:18)
12 verbose stack     at async PackageJson.load (C:\Users\micah\AppData\Local\nvm\v20.18.1\node_modules\npm\node_modules\@npmcli\package-json\lib\index.js:131:31)
12 verbose stack     at async PackageJson.normalize (C:\Users\micah\AppData\Local\nvm\v20.18.1\node_modules\npm\node_modules\@npmcli\package-json\lib\index.js:117:5)
12 verbose stack     at async #run (C:\Users\micah\AppData\Local\nvm\v20.18.1\node_modules\npm\lib\commands\run.js:90:13)
12 verbose stack     at async RunScript.exec (C:\Users\micah\AppData\Local\nvm\v20.18.1\node_modules\npm\lib\commands\run.js:44:7)
12 verbose stack     at async Npm.exec (C:\Users\micah\AppData\Local\nvm\v20.18.1\node_modules\npm\lib\npm.js:208:9)
12 verbose stack     at async module.exports (C:\Users\micah\AppData\Local\nvm\v20.18.1\node_modules\npm\lib\cli\entry.js:67:5)
13 error code ENOENT
14 error syscall open
15 error path D:\monsoonfire-portal\web\web\package.json
16 error errno -4058
17 error enoent Could not read package.json: Error: ENOENT: no such file or directory, open 'D:\monsoonfire-portal\web\web\package.json'
18 error enoent This is related to npm not being able to find a file.
18 error enoent
19 verbose cwd D:\monsoonfire-portal\web
20 verbose os Windows_NT 10.0.26200
21 verbose node v20.18.1
22 verbose npm  v11.7.0
23 verbose exit -4058
24 verbose code -4058
25 error A complete log of this run can be found in: D:\monsoonfire-portal\.npm-cache-web\_logs\2026-01-22T04_28_56_452Z-debug-0.log
