0 verbose cli C:\nvm4w\nodejs\node.exe C:\nvm4w\nodejs\node_modules\npm\bin\npm-cli.js
1 info using npm@11.7.0
2 info using node@v20.18.1
3 silly config load:file:C:\Users\micah\AppData\Local\nvm\v20.18.1\node_modules\npm\npmrc
4 silly config load:file:D:\monsoonfire-portal\functions\.npmrc
5 silly config load:file:C:\Users\micah\.npmrc
6 silly config load:file:C:\nvm4w\nodejs\etc\npmrc
7 verbose title npm install
8 verbose argv "install"
9 verbose logfile logs-max:10 dir:D:\monsoonfire-portal\.npm-cache\_logs\2026-01-21T23_58_03_753Z-
10 verbose logfile D:\monsoonfire-portal\.npm-cache\_logs\2026-01-21T23_58_03_753Z-debug-0.log
11 silly logfile done cleaning log files
12 silly packumentCache heap:4345298944 maxSize:1086324736 maxEntrySize:543162368
13 silly idealTree buildDeps
14 silly fetch manifest stripe@^19.1.0
15 silly packumentCache full:https://registry.npmjs.org/stripe cache-miss
16 http fetch GET 200 https://registry.npmjs.org/npm 374ms
17 http fetch GET 200 https://registry.npmjs.org/stripe 248ms (cache miss)
18 silly packumentCache full:https://registry.npmjs.org/stripe set size:undefined disposed:false
19 silly fetch manifest @types/node@>=16
20 silly packumentCache full:https://registry.npmjs.org/@types%2fnode cache-miss
21 http fetch GET 200 https://registry.npmjs.org/@types%2fnode 392ms (cache miss)
22 silly packumentCache full:https://registry.npmjs.org/@types%2fnode set size:undefined disposed:false
23 silly placeDep ROOT stripe@19.3.1 OK for:  want: ^19.1.0
24 silly reify moves {}
25 silly audit bulk request {
25 silly audit   '@babel/code-frame': [ '7.27.1' ],
25 silly audit   '@babel/compat-data': [ '7.28.5' ],
25 silly audit   '@babel/core': [ '7.28.5' ],
25 silly audit   semver: [ '6.3.1', '7.7.3' ],
25 silly audit   '@babel/generator': [ '7.28.5' ],
25 silly audit   '@babel/helper-compilation-targets': [ '7.27.2' ],
25 silly audit   '@babel/helper-globals': [ '7.28.0' ],
25 silly audit   '@babel/helper-module-imports': [ '7.27.1' ],
25 silly audit   '@babel/helper-module-transforms': [ '7.28.3' ],
25 silly audit   '@babel/helper-plugin-utils': [ '7.27.1' ],
25 silly audit   '@babel/helper-string-parser': [ '7.27.1' ],
25 silly audit   '@babel/helper-validator-identifier': [ '7.28.5' ],
25 silly audit   '@babel/helper-validator-option': [ '7.27.1' ],
25 silly audit   '@babel/helpers': [ '7.28.4' ],
25 silly audit   '@babel/parser': [ '7.28.5' ],
25 silly audit   '@babel/plugin-syntax-async-generators': [ '7.8.4' ],
25 silly audit   '@babel/plugin-syntax-bigint': [ '7.8.3' ],
25 silly audit   '@babel/plugin-syntax-class-properties': [ '7.12.13' ],
25 silly audit   '@babel/plugin-syntax-class-static-block': [ '7.14.5' ],
25 silly audit   '@babel/plugin-syntax-import-attributes': [ '7.27.1' ],
25 silly audit   '@babel/plugin-syntax-import-meta': [ '7.10.4' ],
25 silly audit   '@babel/plugin-syntax-json-strings': [ '7.8.3' ],
25 silly audit   '@babel/plugin-syntax-jsx': [ '7.27.1' ],
25 silly audit   '@babel/plugin-syntax-logical-assignment-operators': [ '7.10.4' ],
25 silly audit   '@babel/plugin-syntax-nullish-coalescing-operator': [ '7.8.3' ],
25 silly audit   '@babel/plugin-syntax-numeric-separator': [ '7.10.4' ],
25 silly audit   '@babel/plugin-syntax-object-rest-spread': [ '7.8.3' ],
25 silly audit   '@babel/plugin-syntax-optional-catch-binding': [ '7.8.3' ],
25 silly audit   '@babel/plugin-syntax-optional-chaining': [ '7.8.3' ],
25 silly audit   '@babel/plugin-syntax-private-property-in-object': [ '7.14.5' ],
25 silly audit   '@babel/plugin-syntax-top-level-await': [ '7.14.5' ],
25 silly audit   '@babel/plugin-syntax-typescript': [ '7.27.1' ],
25 silly audit   '@babel/template': [ '7.27.2' ],
25 silly audit   '@babel/traverse': [ '7.28.5' ],
25 silly audit   '@babel/types': [ '7.28.5' ],
25 silly audit   '@bcoe/v8-coverage': [ '0.2.3' ],
25 silly audit   '@emnapi/core': [ '1.7.1' ],
25 silly audit   '@emnapi/runtime': [ '1.7.1' ],
25 silly audit   '@emnapi/wasi-threads': [ '1.1.0' ],
25 silly audit   '@eslint-community/eslint-utils': [ '4.9.0' ],
25 silly audit   '@eslint-community/regexpp': [ '4.12.2' ],
25 silly audit   '@eslint/eslintrc': [ '2.1.4' ],
25 silly audit   '@eslint/js': [ '8.57.1' ],
25 silly audit   '@fastify/busboy': [ '3.2.0' ],
25 silly audit   '@firebase/app-check-interop-types': [ '0.3.3' ],
25 silly audit   '@firebase/app-types': [ '0.9.3' ],
25 silly audit   '@firebase/auth-interop-types': [ '0.2.4' ],
25 silly audit   '@firebase/component': [ '0.7.0' ],
25 silly audit   '@firebase/database': [ '1.1.0' ],
25 silly audit   '@firebase/database-compat': [ '2.1.0' ],
25 silly audit   '@firebase/database-types': [ '1.0.16' ],
25 silly audit   '@firebase/logger': [ '0.5.0' ],
25 silly audit   '@firebase/util': [ '1.13.0' ],
25 silly audit   '@google-cloud/firestore': [ '7.11.6' ],
25 silly audit   '@google-cloud/paginator': [ '5.0.2' ],
25 silly audit   '@google-cloud/projectify': [ '4.0.0' ],
25 silly audit   '@google-cloud/promisify': [ '4.0.0' ],
25 silly audit   '@google-cloud/storage': [ '7.18.0' ],
25 silly audit   uuid: [ '8.3.2', '9.0.1', '11.1.0' ],
25 silly audit   '@grpc/grpc-js': [ '1.14.3' ],
25 silly audit   '@grpc/proto-loader': [ '0.8.0', '0.7.15' ],
25 silly audit   '@humanwhocodes/config-array': [ '0.13.0' ],
25 silly audit   '@humanwhocodes/module-importer': [ '1.0.1' ],
25 silly audit   '@humanwhocodes/object-schema': [ '2.0.3' ],
25 silly audit   '@isaacs/cliui': [ '8.0.2' ],
25 silly audit   'ansi-regex': [ '6.2.2', '5.0.1' ],
25 silly audit   'strip-ansi': [ '7.1.2', '6.0.1' ],
25 silly audit   '@istanbuljs/load-nyc-config': [ '1.1.0' ],
25 silly audit   argparse: [ '1.0.10', '2.0.1' ],
25 silly audit   'find-up': [ '4.1.0', '5.0.0' ],
25 silly audit   'js-yaml': [ '3.14.2', '4.1.1' ],
25 silly audit   'locate-path': [ '5.0.0', '6.0.0' ],
25 silly audit   'p-limit': [ '2.3.0', '3.1.0' ],
25 silly audit   'p-locate': [ '4.1.0', '5.0.0' ],
25 silly audit   'resolve-from': [ '5.0.0', '4.0.0' ],
25 silly audit   '@istanbuljs/schema': [ '0.1.3' ],
25 silly audit   '@jest/console': [ '30.2.0' ],
25 silly audit   '@jest/core': [ '30.2.0' ],
25 silly audit   '@jest/diff-sequences': [ '30.0.1' ],
25 silly audit   '@jest/environment': [ '30.2.0' ],
25 silly audit   '@jest/expect': [ '30.2.0' ],
25 silly audit   '@jest/expect-utils': [ '30.2.0' ],
25 silly audit   '@jest/fake-timers': [ '30.2.0' ],
25 silly audit   '@jest/get-type': [ '30.1.0' ],
25 silly audit   '@jest/globals': [ '30.2.0' ],
25 silly audit   '@jest/pattern': [ '30.0.1' ],
25 silly audit   '@jest/reporters': [ '30.2.0' ],
25 silly audit   '@jest/schemas': [ '30.0.5' ],
25 silly audit   '@jest/snapshot-utils': [ '30.2.0' ],
25 silly audit   '@jest/source-map': [ '30.0.1' ],
25 silly audit   '@jest/test-result': [ '30.2.0' ],
25 silly audit   '@jest/test-sequencer': [ '30.2.0' ],
25 silly audit   '@jest/transform': [ '30.2.0' ],
25 silly audit   '@jest/types': [ '30.2.0' ],
25 silly audit   '@jridgewell/gen-mapping': [ '0.3.13' ],
25 silly audit   '@jridgewell/remapping': [ '2.3.5' ],
25 silly audit   '@jridgewell/resolve-uri': [ '3.1.2' ],
25 silly audit   '@jridgewell/sourcemap-codec': [ '1.5.5' ],
25 silly audit   '@jridgewell/trace-mapping': [ '0.3.31' ],
25 silly audit   '@js-sdsl/ordered-map': [ '4.4.2' ],
25 silly audit   '@napi-rs/wasm-runtime': [ '0.2.12' ],
25 silly audit   '@nodelib/fs.scandir': [ '2.1.5' ],
25 silly audit   '@nodelib/fs.stat': [ '2.0.5' ],
25 silly audit   '@nodelib/fs.walk': [ '1.2.8' ],
25 silly audit   '@opentelemetry/api': [ '1.9.0' ],
25 silly audit   '@pkgjs/parseargs': [ '0.11.0' ],
25 silly audit   '@pkgr/core': [ '0.2.9' ],
25 silly audit   '@protobufjs/aspromise': [ '1.1.2' ],
25 silly audit   '@protobufjs/base64': [ '1.1.2' ],
25 silly audit   '@protobufjs/codegen': [ '2.0.4' ],
25 silly audit   '@protobufjs/eventemitter': [ '1.1.0' ],
25 silly audit   '@protobufjs/fetch': [ '1.1.0' ],
25 silly audit   '@protobufjs/float': [ '1.0.2' ],
25 silly audit   '@protobufjs/inquire': [ '1.1.0' ],
25 silly audit   '@protobufjs/path': [ '1.1.2' ],
25 silly audit   '@protobufjs/pool': [ '1.1.0' ],
25 silly audit   '@protobufjs/utf8': [ '1.1.0' ],
25 silly audit   '@rtsao/scc': [ '1.1.0' ],
25 silly audit   '@sinclair/typebox': [ '0.34.45' ],
25 silly audit   '@sinonjs/commons': [ '3.0.1' ],
25 silly audit   '@sinonjs/fake-timers': [ '13.0.5' ],
25 silly audit   '@tootallnate/once': [ '2.0.0' ],
25 silly audit   '@tybys/wasm-util': [ '0.10.1' ],
25 silly audit   '@types/babel__core': [ '7.20.5' ],
25 silly audit   '@types/babel__generator': [ '7.27.0' ],
25 silly audit   '@types/babel__template': [ '7.4.4' ],
25 silly audit   '@types/babel__traverse': [ '7.28.0' ],
25 silly audit   '@types/body-parser': [ '1.19.6' ],
25 silly audit   '@types/caseless': [ '0.12.5' ],
25 silly audit   '@types/connect': [ '3.4.38' ],
25 silly audit   '@types/cors': [ '2.8.19' ],
25 silly audit   '@types/express': [ '4.17.25' ],
25 silly audit   '@types/express-serve-static-core': [ '4.19.7' ],
25 silly audit   '@types/http-errors': [ '2.0.5' ],
25 silly audit   '@types/istanbul-lib-coverage': [ '2.0.6' ],
25 silly audit   '@types/istanbul-lib-report': [ '3.0.3' ],
25 silly audit   '@types/istanbul-reports': [ '3.0.4' ],
25 silly audit   '@types/json-schema': [ '7.0.15' ],
25 silly audit   '@types/json5': [ '0.0.29' ],
25 silly audit   '@types/jsonwebtoken': [ '9.0.10' ],
25 silly audit   '@types/lodash': [ '4.17.21' ],
25 silly audit   '@types/long': [ '4.0.2' ],
25 silly audit   '@types/mime': [ '1.3.5' ],
25 silly audit   '@types/ms': [ '2.1.0' ],
25 silly audit   '@types/node': [ '22.19.3' ],
25 silly audit   '@types/qs': [ '6.14.0' ],
25 silly audit   '@types/range-parser': [ '1.2.7' ],
25 silly audit   '@types/request': [ '2.48.13' ],
25 silly audit   '@types/semver': [ '7.7.1' ],
25 silly audit   '@types/send': [ '1.2.1', '0.17.6' ],
25 silly audit   '@types/serve-static': [ '1.15.10' ],
25 silly audit   '@types/stack-utils': [ '2.0.3' ],
25 silly audit   '@types/tough-cookie': [ '4.0.5' ],
25 silly audit   '@types/yargs': [ '17.0.35' ],
25 silly audit   '@types/yargs-parser': [ '21.0.3' ],
25 silly audit   '@typescript-eslint/eslint-plugin': [ '5.62.0' ],
25 silly audit   '@typescript-eslint/parser': [ '5.62.0' ],
25 silly audit   '@typescript-eslint/scope-manager': [ '5.62.0' ],
25 silly audit   '@typescript-eslint/type-utils': [ '5.62.0' ],
25 silly audit   '@typescript-eslint/types': [ '5.62.0' ],
25 silly audit   '@typescript-eslint/typescript-estree': [ '5.62.0' ],
25 silly audit   '@typescript-eslint/utils': [ '5.62.0' ],
25 silly audit   '@typescript-eslint/visitor-keys': [ '5.62.0' ],
25 silly audit   '@ungap/structured-clone': [ '1.3.0' ],
25 silly audit   '@unrs/resolver-binding-android-arm-eabi': [ '1.11.1' ],
25 silly audit   '@unrs/resolver-binding-android-arm64': [ '1.11.1' ],
25 silly audit   '@unrs/resolver-binding-darwin-arm64': [ '1.11.1' ],
25 silly audit   '@unrs/resolver-binding-darwin-x64': [ '1.11.1' ],
25 silly audit   '@unrs/resolver-binding-freebsd-x64': [ '1.11.1' ],
25 silly audit   '@unrs/resolver-binding-linux-arm-gnueabihf': [ '1.11.1' ],
25 silly audit   '@unrs/resolver-binding-linux-arm-musleabihf': [ '1.11.1' ],
25 silly audit   '@unrs/resolver-binding-linux-arm64-gnu': [ '1.11.1' ],
25 silly audit   '@unrs/resolver-binding-linux-arm64-musl': [ '1.11.1' ],
25 silly audit   '@unrs/resolver-binding-linux-ppc64-gnu': [ '1.11.1' ],
25 silly audit   '@unrs/resolver-binding-linux-riscv64-gnu': [ '1.11.1' ],
25 silly audit   '@unrs/resolver-binding-linux-riscv64-musl': [ '1.11.1' ],
25 silly audit   '@unrs/resolver-binding-linux-s390x-gnu': [ '1.11.1' ],
25 silly audit   '@unrs/resolver-binding-linux-x64-gnu': [ '1.11.1' ],
25 silly audit   '@unrs/resolver-binding-linux-x64-musl': [ '1.11.1' ],
25 silly audit   '@unrs/resolver-binding-wasm32-wasi': [ '1.11.1' ],
25 silly audit   '@unrs/resolver-binding-win32-arm64-msvc': [ '1.11.1' ],
25 silly audit   '@unrs/resolver-binding-win32-ia32-msvc': [ '1.11.1' ],
25 silly audit   '@unrs/resolver-binding-win32-x64-msvc': [ '1.11.1' ],
25 silly audit   'abort-controller': [ '3.0.0' ],
25 silly audit   accepts: [ '1.3.8' ],
25 silly audit   acorn: [ '8.15.0' ],
25 silly audit   'acorn-jsx': [ '5.3.2' ],
25 silly audit   'agent-base': [ '7.1.4', '6.0.2' ],
25 silly audit   ajv: [ '6.12.6' ],
25 silly audit   'ansi-escapes': [ '4.3.2' ],
25 silly audit   'type-fest': [ '0.21.3', '0.20.2' ],
25 silly audit   'ansi-styles': [ '4.3.0', '5.2.0', '6.2.3' ],
25 silly audit   anymatch: [ '3.1.3' ],
25 silly audit   'array-buffer-byte-length': [ '1.0.2' ],
25 silly audit   'array-flatten': [ '1.1.1' ],
25 silly audit   'array-includes': [ '3.1.9' ],
25 silly audit   'array-union': [ '2.1.0' ],
25 silly audit   'array.prototype.findlastindex': [ '1.2.6' ],
25 silly audit   'array.prototype.flat': [ '1.3.3' ],
25 silly audit   'array.prototype.flatmap': [ '1.3.3' ],
25 silly audit   'arraybuffer.prototype.slice': [ '1.0.4' ],
25 silly audit   arrify: [ '2.0.1' ],
25 silly audit   'async-function': [ '1.0.0' ],
25 silly audit   'async-retry': [ '1.3.3' ],
25 silly audit   asynckit: [ '0.4.0' ],
25 silly audit   'available-typed-arrays': [ '1.0.7' ],
25 silly audit   'babel-jest': [ '30.2.0' ],
25 silly audit   'babel-plugin-istanbul': [ '7.0.1' ],
25 silly audit   'babel-plugin-jest-hoist': [ '30.2.0' ],
25 silly audit   'babel-preset-current-node-syntax': [ '1.2.0' ],
25 silly audit   'babel-preset-jest': [ '30.2.0' ],
25 silly audit   'balanced-match': [ '1.0.2' ],
25 silly audit   'base64-js': [ '1.5.1' ],
25 silly audit   'baseline-browser-mapping': [ '2.9.11' ],
25 silly audit   'bignumber.js': [ '9.3.1' ],
25 silly audit   'body-parser': [ '1.20.4' ],
25 silly audit   debug: [ '2.6.9', '4.4.3', '3.2.7' ],
25 silly audit   ms: [ '2.0.0', '2.1.3' ],
25 silly audit   'brace-expansion': [ '1.1.12', '2.0.2' ],
25 silly audit   braces: [ '3.0.3' ],
25 silly audit   browserslist: [ '4.28.1' ],
25 silly audit   bser: [ '2.1.1' ],
25 silly audit   'buffer-equal-constant-time': [ '1.0.1' ],
25 silly audit   'buffer-from': [ '1.1.2' ],
25 silly audit   bytes: [ '3.1.2' ],
25 silly audit   'call-bind': [ '1.0.8' ],
25 silly audit   'call-bind-apply-helpers': [ '1.0.2' ],
25 silly audit   'call-bound': [ '1.0.4' ],
25 silly audit   callsites: [ '3.1.0' ],
25 silly audit   camelcase: [ '5.3.1', '6.3.0' ],
25 silly audit   'caniuse-lite': [ '1.0.30001762' ],
25 silly audit   chalk: [ '4.1.2' ],
25 silly audit   'char-regex': [ '1.0.2' ],
25 silly audit   'ci-info': [ '4.3.1' ],
25 silly audit   'cjs-module-lexer': [ '2.1.1' ],
25 silly audit   cliui: [ '8.0.1' ],
25 silly audit   'emoji-regex': [ '8.0.0', '9.2.2' ],
25 silly audit   'string-width': [ '4.2.3', '5.1.2' ],
25 silly audit   'wrap-ansi': [ '7.0.0', '8.1.0' ],
25 silly audit   co: [ '4.6.0' ],
25 silly audit   'collect-v8-coverage': [ '1.0.3' ],
25 silly audit   'color-convert': [ '2.0.1' ],
25 silly audit   'color-name': [ '1.1.4' ],
25 silly audit   'combined-stream': [ '1.0.8' ],
25 silly audit   'concat-map': [ '0.0.1' ],
25 silly audit   'content-disposition': [ '0.5.4' ],
25 silly audit   'content-type': [ '1.0.5' ],
25 silly audit   'convert-source-map': [ '2.0.0' ],
25 silly audit   cookie: [ '0.7.2' ],
25 silly audit   'cookie-signature': [ '1.0.7' ],
25 silly audit   cors: [ '2.8.5' ],
25 silly audit   'cross-spawn': [ '7.0.6' ],
25 silly audit   'data-uri-to-buffer': [ '4.0.1' ],
25 silly audit   'data-view-buffer': [ '1.0.2' ],
25 silly audit   'data-view-byte-length': [ '1.0.2' ],
25 silly audit   'data-view-byte-offset': [ '1.0.1' ],
25 silly audit   dedent: [ '1.7.1' ],
25 silly audit   'deep-is': [ '0.1.4' ],
25 silly audit   deepmerge: [ '4.3.1' ],
25 silly audit   'define-data-property': [ '1.1.4' ],
25 silly audit   'define-properties': [ '1.2.1' ],
25 silly audit   'delayed-stream': [ '1.0.0' ],
25 silly audit   depd: [ '2.0.0' ],
25 silly audit   destroy: [ '1.2.0' ],
25 silly audit   'detect-newline': [ '3.1.0' ],
25 silly audit   'dir-glob': [ '3.0.1' ],
25 silly audit   doctrine: [ '3.0.0', '2.1.0' ],
25 silly audit   'dunder-proto': [ '1.0.1' ],
25 silly audit   duplexify: [ '4.1.3' ],
25 silly audit   eastasianwidth: [ '0.2.0' ],
25 silly audit   'ecdsa-sig-formatter': [ '1.0.11' ],
25 silly audit   'ee-first': [ '1.1.1' ],
25 silly audit   'electron-to-chromium': [ '1.5.267' ],
25 silly audit   emittery: [ '0.13.1' ],
25 silly audit   encodeurl: [ '2.0.0' ],
25 silly audit   'end-of-stream': [ '1.4.5' ],
25 silly audit   'error-ex': [ '1.3.4' ],
25 silly audit   'es-abstract': [ '1.24.1' ],
25 silly audit   'es-define-property': [ '1.0.1' ],
25 silly audit   'es-errors': [ '1.3.0' ],
25 silly audit   'es-object-atoms': [ '1.1.1' ],
25 silly audit   'es-set-tostringtag': [ '2.1.0' ],
25 silly audit   'es-shim-unscopables': [ '1.1.0' ],
25 silly audit   'es-to-primitive': [ '1.3.0' ],
25 silly audit   escalade: [ '3.2.0' ],
25 silly audit   'escape-html': [ '1.0.3' ],
25 silly audit   'escape-string-regexp': [ '4.0.0', '2.0.0' ],
25 silly audit   eslint: [ '8.57.1' ],
25 silly audit   'eslint-config-google': [ '0.14.0' ],
25 silly audit   'eslint-import-resolver-node': [ '0.3.9' ],
25 silly audit   'eslint-module-utils': [ '2.12.1' ],
25 silly audit   'eslint-plugin-import': [ '2.32.0' ],
25 silly audit   'eslint-scope': [ '5.1.1', '7.2.2' ],
25 silly audit   'eslint-visitor-keys': [ '3.4.3' ],
25 silly audit   estraverse: [ '5.3.0', '4.3.0' ],
25 silly audit   espree: [ '9.6.1' ],
25 silly audit   esprima: [ '4.0.1' ],
25 silly audit   esquery: [ '1.6.0' ],
25 silly audit   esrecurse: [ '4.3.0' ],
25 silly audit   esutils: [ '2.0.3' ],
25 silly audit   etag: [ '1.8.1' ],
25 silly audit   'event-target-shim': [ '5.0.1' ],
25 silly audit   execa: [ '5.1.1' ],
25 silly audit   'signal-exit': [ '3.0.7', '4.1.0' ],
25 silly audit   'exit-x': [ '0.2.2' ],
25 silly audit   expect: [ '30.2.0' ],
25 silly audit   express: [ '4.22.1' ],
25 silly audit   extend: [ '3.0.2' ],
25 silly audit   'farmhash-modern': [ '1.1.0' ],
25 silly audit   'fast-deep-equal': [ '3.1.3' ],
25 silly audit   'fast-glob': [ '3.3.3' ],
25 silly audit   'glob-parent': [ '5.1.2', '6.0.2' ],
25 silly audit   'fast-json-stable-stringify': [ '2.1.0' ],
25 silly audit   'fast-levenshtein': [ '2.0.6' ],
25 silly audit   'fast-xml-parser': [ '4.5.3' ],
25 silly audit   fastq: [ '1.20.1' ],
25 silly audit   'faye-websocket': [ '0.11.4' ],
25 silly audit   'fb-watchman': [ '2.0.2' ],
25 silly audit   'fetch-blob': [ '3.2.0' ],
25 silly audit   'file-entry-cache': [ '6.0.1' ],
25 silly audit   'fill-range': [ '7.1.1' ],
25 silly audit   finalhandler: [ '1.3.2' ],
25 silly audit   'firebase-admin': [ '13.6.0' ],
25 silly audit   'firebase-functions': [ '7.0.2' ],
25 silly audit   'firebase-functions-test': [ '3.4.1' ],
25 silly audit   'flat-cache': [ '3.2.0' ],
25 silly audit   flatted: [ '3.3.3' ],
25 silly audit   'for-each': [ '0.3.5' ],
25 silly audit   'foreground-child': [ '3.3.1' ],
25 silly audit   'form-data': [ '2.5.5' ],
25 silly audit   'formdata-polyfill': [ '4.0.10' ],
25 silly audit   forwarded: [ '0.2.0' ],
25 silly audit   fresh: [ '0.5.2' ],
25 silly audit   'fs.realpath': [ '1.0.0' ],
25 silly audit   fsevents: [ '2.3.3' ],
25 silly audit   'function-bind': [ '1.1.2' ],
25 silly audit   'function.prototype.name': [ '1.1.8' ],
25 silly audit   'functional-red-black-tree': [ '1.0.1' ],
25 silly audit   'functions-have-names': [ '1.2.3' ],
25 silly audit   gaxios: [ '6.7.1', '7.1.3' ],
25 silly audit   'gcp-metadata': [ '6.1.1', '8.1.2' ],
25 silly audit   'generator-function': [ '2.0.1' ],
25 silly audit   gensync: [ '1.0.0-beta.2' ],
25 silly audit   'get-caller-file': [ '2.0.5' ],
25 silly audit   'get-intrinsic': [ '1.3.0' ],
25 silly audit   'get-package-type': [ '0.1.0' ],
25 silly audit   'get-proto': [ '1.0.1' ],
25 silly audit   'get-stream': [ '6.0.1' ],
25 silly audit   'get-symbol-description': [ '1.1.0' ],
25 silly audit   glob: [ '10.5.0', '7.2.3' ],
25 silly audit   minimatch: [ '9.0.5', '3.1.2' ],
25 silly audit   globals: [ '13.24.0' ],
25 silly audit   globalthis: [ '1.0.4' ],
25 silly audit   globby: [ '11.1.0' ],
25 silly audit   'google-auth-library': [ '9.15.1', '10.5.0' ],
25 silly audit   'google-gax': [ '4.6.1' ],
25 silly audit   'google-logging-utils': [ '0.0.2', '1.1.3' ],
25 silly audit   googleapis: [ '169.0.0' ],
25 silly audit   'googleapis-common': [ '8.0.1' ],
25 silly audit   gtoken: [ '8.0.0', '7.1.0' ],
25 silly audit   'node-fetch': [ '3.3.2', '2.7.0' ],
25 silly audit   rimraf: [ '5.0.10', '3.0.2' ],
25 silly audit   gopd: [ '1.2.0' ],
25 silly audit   'graceful-fs': [ '4.2.11' ],
25 silly audit   graphemer: [ '1.4.0' ],
25 silly audit   'has-bigints': [ '1.1.0' ],
25 silly audit   'has-flag': [ '4.0.0' ],
25 silly audit   'has-property-descriptors': [ '1.0.2' ],
25 silly audit   'has-proto': [ '1.2.0' ],
25 silly audit   'has-symbols': [ '1.1.0' ],
25 silly audit   'has-tostringtag': [ '1.0.2' ],
25 silly audit   hasown: [ '2.0.2' ],
25 silly audit   'html-entities': [ '2.6.0' ],
25 silly audit   'html-escaper': [ '2.0.2' ],
25 silly audit   'http-errors': [ '2.0.1' ],
25 silly audit   'http-parser-js': [ '0.5.10' ],
25 silly audit   'http-proxy-agent': [ '5.0.0' ],
25 silly audit   'https-proxy-agent': [ '7.0.6', '5.0.1' ],
25 silly audit   'human-signals': [ '2.1.0' ],
25 silly audit   'iconv-lite': [ '0.4.24' ],
25 silly audit   ignore: [ '5.3.2' ],
25 silly audit   'import-fresh': [ '3.3.1' ],
25 silly audit   'import-local': [ '3.2.0' ],
25 silly audit   imurmurhash: [ '0.1.4' ],
25 silly audit   inflight: [ '1.0.6' ],
25 silly audit   inherits: [ '2.0.4' ],
25 silly audit   'internal-slot': [ '1.1.0' ],
25 silly audit   'ipaddr.js': [ '1.9.1' ],
25 silly audit   'is-array-buffer': [ '3.0.5' ],
25 silly audit   'is-arrayish': [ '0.2.1' ],
25 silly audit   'is-async-function': [ '2.1.1' ],
25 silly audit   'is-bigint': [ '1.1.0' ],
25 silly audit   'is-boolean-object': [ '1.2.2' ],
25 silly audit   'is-callable': [ '1.2.7' ],
25 silly audit   'is-core-module': [ '2.16.1' ],
25 silly audit   'is-data-view': [ '1.0.2' ],
25 silly audit   'is-date-object': [ '1.1.0' ],
25 silly audit   'is-extglob': [ '2.1.1' ],
25 silly audit   'is-finalizationregistry': [ '1.1.1' ],
25 silly audit   'is-fullwidth-code-point': [ '3.0.0' ],
25 silly audit   'is-generator-fn': [ '2.1.0' ],
25 silly audit   'is-generator-function': [ '1.1.2' ],
25 silly audit   'is-glob': [ '4.0.3' ],
25 silly audit   'is-map': [ '2.0.3' ],
25 silly audit   'is-negative-zero': [ '2.0.3' ],
25 silly audit   'is-number': [ '7.0.0' ],
25 silly audit   'is-number-object': [ '1.1.1' ],
25 silly audit   'is-path-inside': [ '3.0.3' ],
25 silly audit   'is-regex': [ '1.2.1' ],
25 silly audit   'is-set': [ '2.0.3' ],
25 silly audit   'is-shared-array-buffer': [ '1.0.4' ],
25 silly audit   'is-stream': [ '2.0.1' ],
25 silly audit   'is-string': [ '1.1.1' ],
25 silly audit   'is-symbol': [ '1.1.1' ],
25 silly audit   'is-typed-array': [ '1.1.15' ],
25 silly audit   'is-weakmap': [ '2.0.2' ],
25 silly audit   'is-weakref': [ '1.1.1' ],
25 silly audit   'is-weakset': [ '2.0.4' ],
25 silly audit   isarray: [ '2.0.5' ],
25 silly audit   isexe: [ '2.0.0' ],
25 silly audit   'istanbul-lib-coverage': [ '3.2.2' ],
25 silly audit   'istanbul-lib-instrument': [ '6.0.3' ],
25 silly audit   'istanbul-lib-report': [ '3.0.1' ],
25 silly audit   'istanbul-lib-source-maps': [ '5.0.6' ],
25 silly audit   'istanbul-reports': [ '3.2.0' ],
25 silly audit   jackspeak: [ '3.4.3' ],
25 silly audit   jest: [ '30.2.0' ],
25 silly audit   'jest-changed-files': [ '30.2.0' ],
25 silly audit   'jest-circus': [ '30.2.0' ],
25 silly audit   'jest-cli': [ '30.2.0' ],
25 silly audit   'jest-config': [ '30.2.0' ],
25 silly audit   'jest-diff': [ '30.2.0' ],
25 silly audit   'jest-docblock': [ '30.2.0' ],
25 silly audit   'jest-each': [ '30.2.0' ],
25 silly audit   'jest-environment-node': [ '30.2.0' ],
25 silly audit   'jest-haste-map': [ '30.2.0' ],
25 silly audit   'jest-leak-detector': [ '30.2.0' ],
25 silly audit   'jest-matcher-utils': [ '30.2.0' ],
25 silly audit   'jest-message-util': [ '30.2.0' ],
25 silly audit   'jest-mock': [ '30.2.0' ],
25 silly audit   'jest-pnp-resolver': [ '1.2.3' ],
25 silly audit   'jest-regex-util': [ '30.0.1' ],
25 silly audit   'jest-resolve': [ '30.2.0' ],
25 silly audit   'jest-resolve-dependencies': [ '30.2.0' ],
25 silly audit   'jest-runner': [ '30.2.0' ],
25 silly audit   'jest-runtime': [ '30.2.0' ],
25 silly audit   'jest-snapshot': [ '30.2.0' ],
25 silly audit   'jest-util': [ '30.2.0' ],
25 silly audit   picomatch: [ '4.0.3', '2.3.1' ],
25 silly audit   'jest-validate': [ '30.2.0' ],
25 silly audit   'jest-watcher': [ '30.2.0' ],
25 silly audit   'jest-worker': [ '30.2.0' ],
25 silly audit   'supports-color': [ '8.1.1', '7.2.0' ],
25 silly audit   jose: [ '4.15.9' ],
25 silly audit   'js-tokens': [ '4.0.0' ],
25 silly audit   jsesc: [ '3.1.0' ],
25 silly audit   'json-bigint': [ '1.0.0' ],
25 silly audit   'json-buffer': [ '3.0.1' ],
25 silly audit   'json-parse-even-better-errors': [ '2.3.1' ],
25 silly audit   'json-schema-traverse': [ '0.4.1' ],
25 silly audit   'json-stable-stringify-without-jsonify': [ '1.0.1' ],
25 silly audit   json5: [ '2.2.3', '1.0.2' ],
25 silly audit   jsonwebtoken: [ '9.0.3' ],
25 silly audit   jwa: [ '2.0.1' ],
25 silly audit   'jwks-rsa': [ '3.2.0' ],
25 silly audit   jws: [ '4.0.1' ],
25 silly audit   keyv: [ '4.5.4' ],
25 silly audit   leven: [ '3.1.0' ],
25 silly audit   levn: [ '0.4.1' ],
25 silly audit   limiter: [ '1.1.5' ],
25 silly audit   'lines-and-columns': [ '1.2.4' ],
25 silly audit   lodash: [ '4.17.21' ],
25 silly audit   'lodash.camelcase': [ '4.3.0' ],
25 silly audit   'lodash.clonedeep': [ '4.5.0' ],
25 silly audit   'lodash.includes': [ '4.3.0' ],
25 silly audit   'lodash.isboolean': [ '3.0.3' ],
25 silly audit   'lodash.isinteger': [ '4.0.4' ],
25 silly audit   'lodash.isnumber': [ '3.0.3' ],
25 silly audit   'lodash.isplainobject': [ '4.0.6' ],
25 silly audit   'lodash.isstring': [ '4.0.1' ],
25 silly audit   'lodash.merge': [ '4.6.2' ],
25 silly audit   'lodash.once': [ '4.1.1' ],
25 silly audit   long: [ '5.3.2' ],
25 silly audit   'lru-cache': [ '5.1.1', '6.0.0', '10.4.3' ],
25 silly audit   'lru-memoizer': [ '2.3.0' ],
25 silly audit   yallist: [ '4.0.0', '3.1.1' ],
25 silly audit   'make-dir': [ '4.0.0' ],
25 silly audit   makeerror: [ '1.0.12' ],
25 silly audit   'math-intrinsics': [ '1.1.0' ],
25 silly audit   'media-typer': [ '0.3.0' ],
25 silly audit   'merge-descriptors': [ '1.0.3' ],
25 silly audit   'merge-stream': [ '2.0.0' ],
25 silly audit   merge2: [ '1.4.1' ],
25 silly audit   methods: [ '1.1.2' ],
25 silly audit   micromatch: [ '4.0.8' ],
25 silly audit   mime: [ '3.0.0', '1.6.0' ],
25 silly audit   'mime-db': [ '1.52.0' ],
25 silly audit   'mime-types': [ '2.1.35' ],
25 silly audit   'mimic-fn': [ '2.1.0' ],
25 silly audit   minimist: [ '1.2.8' ],
25 silly audit   minipass: [ '7.1.2' ],
25 silly audit   'napi-postinstall': [ '0.3.4' ],
25 silly audit   'natural-compare': [ '1.4.0' ],
25 silly audit   'natural-compare-lite': [ '1.4.0' ],
25 silly audit   negotiator: [ '0.6.3' ],
25 silly audit   'node-domexception': [ '1.0.0' ],
25 silly audit   'node-forge': [ '1.3.3' ],
25 silly audit   'node-int64': [ '0.4.0' ],
25 silly audit   'node-releases': [ '2.0.27' ],
25 silly audit   'normalize-path': [ '3.0.0' ],
25 silly audit   'npm-run-path': [ '4.0.1' ],
25 silly audit   'object-assign': [ '4.1.1' ],
25 silly audit   'object-hash': [ '3.0.0' ],
25 silly audit   'object-inspect': [ '1.13.4' ],
25 silly audit   'object-keys': [ '1.1.1' ],
25 silly audit   'object.assign': [ '4.1.7' ],
25 silly audit   'object.fromentries': [ '2.0.8' ],
25 silly audit   'object.groupby': [ '1.0.3' ],
25 silly audit   'object.values': [ '1.2.1' ],
25 silly audit   'on-finished': [ '2.4.1' ],
25 silly audit   once: [ '1.4.0' ],
25 silly audit   onetime: [ '5.1.2' ],
25 silly audit   optionator: [ '0.9.4' ],
25 silly audit   'own-keys': [ '1.0.1' ],
25 silly audit   'p-try': [ '2.2.0' ],
25 silly audit   'package-json-from-dist': [ '1.0.1' ],
25 silly audit   'parent-module': [ '1.0.1' ],
25 silly audit   'parse-json': [ '5.2.0' ],
25 silly audit   parseurl: [ '1.3.3' ],
25 silly audit   'path-exists': [ '4.0.0' ],
25 silly audit   'path-is-absolute': [ '1.0.1' ],
25 silly audit   'path-key': [ '3.1.1' ],
25 silly audit   'path-parse': [ '1.0.7' ],
25 silly audit   'path-scurry': [ '1.11.1' ],
25 silly audit   'path-to-regexp': [ '0.1.12' ],
25 silly audit   'path-type': [ '4.0.0' ],
25 silly audit   picocolors: [ '1.1.1' ],
25 silly audit   pirates: [ '4.0.7' ],
25 silly audit   'pkg-dir': [ '4.2.0' ],
25 silly audit   'possible-typed-array-names': [ '1.1.0' ],
25 silly audit   'prelude-ls': [ '1.2.1' ],
25 silly audit   'pretty-format': [ '30.2.0' ],
25 silly audit   'proto3-json-serializer': [ '2.0.2' ],
25 silly audit   protobufjs: [ '7.5.4' ],
25 silly audit   'proxy-addr': [ '2.0.7' ],
25 silly audit   punycode: [ '2.3.1' ],
25 silly audit   'pure-rand': [ '7.0.1' ],
25 silly audit   qs: [ '6.14.1' ],
25 silly audit   'queue-microtask': [ '1.2.3' ],
25 silly audit   'range-parser': [ '1.2.1' ],
25 silly audit   'raw-body': [ '2.5.3' ],
25 silly audit   'react-is': [ '18.3.1' ],
25 silly audit   'readable-stream': [ '3.6.2' ],
25 silly audit   'reflect.getprototypeof': [ '1.0.10' ],
25 silly audit   'regexp.prototype.flags': [ '1.5.4' ],
25 silly audit   'require-directory': [ '2.1.1' ],
25 silly audit   resolve: [ '1.22.11' ],
25 silly audit   'resolve-cwd': [ '3.0.0' ],
25 silly audit   retry: [ '0.13.1' ],
25 silly audit   'retry-request': [ '7.0.2' ],
25 silly audit   reusify: [ '1.1.0' ],
25 silly audit   'run-parallel': [ '1.2.0' ],
25 silly audit   'safe-array-concat': [ '1.1.3' ],
25 silly audit   'safe-buffer': [ '5.2.1' ],
25 silly audit   'safe-push-apply': [ '1.0.0' ],
25 silly audit   'safe-regex-test': [ '1.1.0' ],
25 silly audit   'safer-buffer': [ '2.1.2' ],
25 silly audit   send: [ '0.19.2' ],
25 silly audit   'serve-static': [ '1.16.3' ],
25 silly audit   'set-function-length': [ '1.2.2' ],
25 silly audit   'set-function-name': [ '2.0.2' ],
25 silly audit   'set-proto': [ '1.0.0' ],
25 silly audit   setprototypeof: [ '1.2.0' ],
25 silly audit   'shebang-command': [ '2.0.0' ],
25 silly audit   'shebang-regex': [ '3.0.0' ],
25 silly audit   'side-channel': [ '1.1.0' ],
25 silly audit   'side-channel-list': [ '1.0.0' ],
25 silly audit   'side-channel-map': [ '1.0.1' ],
25 silly audit   'side-channel-weakmap': [ '1.0.2' ],
25 silly audit   slash: [ '3.0.0' ],
25 silly audit   'source-map': [ '0.6.1' ],
25 silly audit   'source-map-support': [ '0.5.13' ],
25 silly audit   'sprintf-js': [ '1.0.3' ],
25 silly audit   'stack-utils': [ '2.0.6' ],
25 silly audit   statuses: [ '2.0.2' ],
25 silly audit   'stop-iteration-iterator': [ '1.1.0' ],
25 silly audit   'stream-events': [ '1.0.5' ],
25 silly audit   'stream-shift': [ '1.0.3' ],
25 silly audit   string_decoder: [ '1.3.0' ],
25 silly audit   'string-length': [ '4.0.2' ],
25 silly audit   'string.prototype.trim': [ '1.2.10' ],
25 silly audit   'string.prototype.trimend': [ '1.0.9' ],
25 silly audit   'string.prototype.trimstart': [ '1.0.8' ],
25 silly audit   'strip-bom': [ '4.0.0', '3.0.0' ],
25 silly audit   'strip-final-newline': [ '2.0.0' ],
25 silly audit   'strip-json-comments': [ '3.1.1' ],
25 silly audit   strnum: [ '1.1.2' ],
25 silly audit   stubs: [ '3.0.0' ],
25 silly audit   'supports-preserve-symlinks-flag': [ '1.0.0' ],
25 silly audit   synckit: [ '0.11.11' ],
25 silly audit   'teeny-request': [ '9.0.0' ],
25 silly audit   'test-exclude': [ '6.0.0' ],
25 silly audit   'text-table': [ '0.2.0' ],
25 silly audit   tmpl: [ '1.0.5' ],
25 silly audit   'to-regex-range': [ '5.0.1' ],
25 silly audit   toidentifier: [ '1.0.1' ],
25 silly audit   tr46: [ '0.0.3' ],
25 silly audit   'ts-deepmerge': [ '2.0.7' ],
25 silly audit   'tsconfig-paths': [ '3.15.0' ],
25 silly audit   tslib: [ '2.8.1', '1.14.1' ],
25 silly audit   tsutils: [ '3.21.0' ],
25 silly audit   'type-check': [ '0.4.0' ],
25 silly audit   'type-detect': [ '4.0.8' ],
25 silly audit   'type-is': [ '1.6.18' ],
25 silly audit   'typed-array-buffer': [ '1.0.3' ],
25 silly audit   'typed-array-byte-length': [ '1.0.3' ],
25 silly audit   'typed-array-byte-offset': [ '1.0.4' ],
25 silly audit   'typed-array-length': [ '1.0.7' ],
25 silly audit   typescript: [ '5.9.3' ],
25 silly audit   'unbox-primitive': [ '1.1.0' ],
25 silly audit   'undici-types': [ '6.21.0' ],
25 silly audit   unpipe: [ '1.0.0' ],
25 silly audit   'unrs-resolver': [ '1.11.1' ],
25 silly audit   'update-browserslist-db': [ '1.2.3' ],
25 silly audit   'uri-js': [ '4.4.1' ],
25 silly audit   'url-template': [ '2.0.8' ],
25 silly audit   'util-deprecate': [ '1.0.2' ],
25 silly audit   'utils-merge': [ '1.0.1' ],
25 silly audit   'v8-to-istanbul': [ '9.3.0' ],
25 silly audit   vary: [ '1.1.2' ],
25 silly audit   walker: [ '1.0.8' ],
25 silly audit   'web-streams-polyfill': [ '3.3.3' ],
25 silly audit   'webidl-conversions': [ '3.0.1' ],
25 silly audit   'websocket-driver': [ '0.7.4' ],
25 silly audit   'websocket-extensions': [ '0.1.4' ],
25 silly audit   'whatwg-url': [ '5.0.0' ],
25 silly audit   which: [ '2.0.2' ],
25 silly audit   'which-boxed-primitive': [ '1.1.1' ],
25 silly audit   'which-builtin-type': [ '1.2.1' ],
25 silly audit   'which-collection': [ '1.0.2' ],
25 silly audit   'which-typed-array': [ '1.1.19' ],
25 silly audit   'word-wrap': [ '1.2.5' ],
25 silly audit   wrappy: [ '1.0.2' ],
25 silly audit   'write-file-atomic': [ '5.0.1' ],
25 silly audit   y18n: [ '5.0.8' ],
25 silly audit   yargs: [ '17.7.2' ],
25 silly audit   'yargs-parser': [ '21.1.1' ],
25 silly audit   'yocto-queue': [ '0.1.0' ],
25 silly audit   stripe: [ '19.3.1' ]
25 silly audit }
26 http cache stripe@https://registry.npmjs.org/stripe/-/stripe-19.3.1.tgz 0ms (cache hit)
27 silly tarball no local data for stripe@https://registry.npmjs.org/stripe/-/stripe-19.3.1.tgz. Extracting by manifest.
28 http fetch POST 200 https://registry.npmjs.org/-/npm/v1/security/advisories/bulk 173ms
29 silly audit report {
29 silly audit report   lodash: [
29 silly audit report     {
29 silly audit report       id: 1112455,
29 silly audit report       url: 'https://github.com/advisories/GHSA-xxjr-mmjv-4gpg',
29 silly audit report       title: 'Lodash has Prototype Pollution Vulnerability in `_.unset` and `_.omit` functions',
29 silly audit report       severity: 'moderate',
29 silly audit report       vulnerable_versions: '>=4.0.0 <=4.17.22',
29 silly audit report       cwe: [Array],
29 silly audit report       cvss: [Object]
29 silly audit report     }
29 silly audit report   ]
29 silly audit report }
30 silly packumentCache corgi:https://registry.npmjs.org/lodash cache-miss
31 http fetch GET 200 https://registry.npmjs.org/lodash 48ms (cache miss)
32 silly packumentCache corgi:https://registry.npmjs.org/lodash set size:undefined disposed:false
33 silly packumentCache corgi:https://registry.npmjs.org/firebase-functions-test cache-miss
34 http fetch GET 200 https://registry.npmjs.org/firebase-functions-test 145ms (cache miss)
35 silly packumentCache corgi:https://registry.npmjs.org/firebase-functions-test set size:undefined disposed:false
36 http fetch GET 200 https://registry.npmjs.org/stripe/-/stripe-19.3.1.tgz 478ms (cache miss)
37 silly ADD node_modules/stripe
38 verbose cwd D:\monsoonfire-portal\functions
39 verbose os Windows_NT 10.0.26200
40 verbose node v20.18.1
41 verbose npm  v11.7.0
42 notice
42 notice New minor version of npm available! 11.7.0 -> 11.8.0
42 notice Changelog: https://github.com/npm/cli/releases/tag/v11.8.0
42 notice To update run: npm install -g npm@11.8.0
42 notice  { force: true, [Symbol(proc-log.meta)]: true }
43 verbose exit 0
44 info ok
